[2025-02-15 14:54:12,826] INFO: [SIM] PATH ëª…ë ¹ ì „ì†¡ ì„±ê³µ: {'command': 'PATH', 'data': {'full_path': [[8, 0], [8, 1], [8, 2], [8, 3], [8, 4], [7, 4], [6, 4], [5, 4], [4, 4], [3, 4], [2, 4]]}}
[2025-02-15 14:54:12,831] INFO: [31m[1mWARNING: This is a development server. Do not use it in a production deployment. Use a production WSGI server instead.[0m
 * Running on http://127.0.0.1:5000
[2025-02-15 14:54:12,831] INFO: [33mPress CTRL+C to quit[0m
[2025-02-15 14:54:13,826] INFO: AGV 2: ë‹¤ìŒ ì…€ (8, 4) ì ìœ ë¨ - ê²½ë¡œ ìž¬ê³„ì‚°
[2025-02-15 14:54:14,446] INFO: 127.0.0.1 - - [15/Feb/2025 14:54:14] "GET /api/agv-stream HTTP/1.1" 200 -
[2025-02-15 14:54:15,826] INFO: AGV 2: ë‹¤ìŒ ì…€ (7, 5) ì ìœ ë¨ - ê²½ë¡œ ìž¬ê³„ì‚°
[2025-02-15 14:54:17,826] INFO: [2025-02-15T14:54:17.826655] AGV 4 ë„ì°© -> (5, 4)
[2025-02-15 14:54:17,827] INFO: [2025-02-15T14:54:17.827346] AGV 4 ë„ì°© -> (5, 4) (ì ìž¬ ì™„ë£Œ, 10ì´ˆ ëŒ€ê¸°)
[2025-02-15 14:54:20,826] INFO: [2025-02-15T14:54:20.826657] AGV 3 ë„ì°© -> (2, 2)
[2025-02-15 14:54:20,827] INFO: [2025-02-15T14:54:20.827714] AGV 3 ë„ì°© -> (2, 2) (ì ìž¬ ì™„ë£Œ, 10ì´ˆ ëŒ€ê¸°)
[2025-02-15 14:54:22,827] INFO: [2025-02-15T14:54:22.826903] AGV 2 ë„ì°© -> (2, 6)
[2025-02-15 14:54:22,828] INFO: [2025-02-15T14:54:22.827988] AGV 2 ë„ì°© -> (2, 6) (ì ìž¬ ì™„ë£Œ, 10ì´ˆ ëŒ€ê¸°)
[2025-02-15 14:54:32,827] INFO: AGV 3: ë‹¤ìŒ ì…€ (1, 4) ì ìœ ë¨ - ê²½ë¡œ ìž¬ê³„ì‚°
[2025-02-15 14:54:32,828] INFO: [2025-02-15T14:54:32.828133] AGV 4 ë„ì°© -> (0, 4)
[2025-02-15 14:54:32,828] INFO: [SIM] AGV 4 ì‚¬ì´í´ íš¨ìœ¨: 20.00 / ì „ì²´ í‰ê·  íš¨ìœ¨: 5.00
[2025-02-15 14:54:32,829] INFO: [2025-02-15T14:54:32.829671] AGV 4 ë„ì°© -> (0, 4) (í•˜ì—­ ì™„ë£Œ, 5ì´ˆ ëŒ€ê¸°)
[2025-02-15 14:54:33,827] INFO: AGV 3: ë‹¤ìŒ ì…€ (0, 4) ì ìœ ë¨ - ê²½ë¡œ ìž¬ê³„ì‚°
[2025-02-15 14:54:35,827] INFO: AGV 2: ë‹¤ìŒ ì…€ (0, 4) ì ìœ ë¨ - ê²½ë¡œ ìž¬ê³„ì‚°
[2025-02-15 14:54:36,827] INFO: AGV 2: ë‹¤ìŒ ì…€ (1, 4) ì ìœ ë¨ - ê²½ë¡œ ìž¬ê³„ì‚°
[2025-02-15 14:54:38,827] INFO: [2025-02-15T14:54:38.827365] AGV 3 ë„ì°© -> (0, 6)
[2025-02-15 14:54:38,828] INFO: [SIM] AGV 3 ì‚¬ì´í´ íš¨ìœ¨: 26.00 / ì „ì²´ í‰ê·  íš¨ìœ¨: 11.50
[2025-02-15 14:54:38,829] INFO: [2025-02-15T14:54:38.829171] AGV 3 ë„ì°© -> (0, 6) (í•˜ì—­ ì™„ë£Œ, 5ì´ˆ ëŒ€ê¸°)
[2025-02-15 14:54:44,827] INFO: [2025-02-15T14:54:44.827498] AGV 4 ë„ì°© -> (5, 6)
[2025-02-15 14:54:44,828] INFO: [2025-02-15T14:54:44.828517] AGV 4 ë„ì°© -> (5, 6) (ì ìž¬ ì™„ë£Œ, 10ì´ˆ ëŒ€ê¸°)
[2025-02-15 14:54:47,827] INFO: [2025-02-15T14:54:47.827542] AGV 3 ë„ì°© -> (2, 4)
[2025-02-15 14:54:47,828] INFO: [2025-02-15T14:54:47.828621] AGV 3 ë„ì°© -> (2, 4) (ì ìž¬ ì™„ë£Œ, 10ì´ˆ ëŒ€ê¸°)
[2025-02-15 14:54:49,827] INFO: [2025-02-15T14:54:49.827634] AGV 2 ë„ì°© -> (0, 3)
[2025-02-15 14:54:49,828] INFO: [SIM] AGV 2 ì‚¬ì´í´ íš¨ìœ¨: 37.00 / ì „ì²´ í‰ê·  íš¨ìœ¨: 20.75
[2025-02-15 14:54:49,828] INFO: [2025-02-15T14:54:49.828416] AGV 2 ë„ì°© -> (0, 3) (í•˜ì—­ ì™„ë£Œ, 5ì´ˆ ëŒ€ê¸°)
[2025-02-15 14:54:59,828] INFO: AGV 2: ë‹¤ìŒ ì…€ (4, 2) ì ìœ ë¨ - ê²½ë¡œ ìž¬ê³„ì‚°
[2025-02-15 14:55:01,828] INFO: [2025-02-15T14:55:01.828044] AGV 3 ë„ì°© -> (0, 6)
[2025-02-15 14:55:01,829] INFO: [SIM] AGV 3 ì‚¬ì´í´ íš¨ìœ¨: 37.50 / ì „ì²´ í‰ê·  íš¨ìœ¨: 23.62
[2025-02-15 14:55:01,829] INFO: [2025-02-15T14:55:01.829825] AGV 3 ë„ì°© -> (0, 6) (í•˜ì—­ ì™„ë£Œ, 5ì´ˆ ëŒ€ê¸°)
[2025-02-15 14:55:03,828] INFO: [2025-02-15T14:55:03.828143] AGV 4 ë„ì°© -> (0, 2)
[2025-02-15 14:55:03,829] INFO: [SIM] AGV 4 ì‚¬ì´í´ íš¨ìœ¨: 35.50 / ì „ì²´ í‰ê·  íš¨ìœ¨: 27.50
[2025-02-15 14:55:03,829] INFO: [2025-02-15T14:55:03.829583] AGV 4 ë„ì°© -> (0, 2) (í•˜ì—­ ì™„ë£Œ, 5ì´ˆ ëŒ€ê¸°)
[2025-02-15 14:55:09,828] INFO: AGV 4: ë‹¤ìŒ ì…€ (0, 4) ì ìœ ë¨ - ê²½ë¡œ ìž¬ê³„ì‚°
[2025-02-15 14:55:09,829] INFO: [2025-02-15T14:55:09.829276] AGV 2 ë„ì°© -> (5, 6)
[2025-02-15 14:55:09,830] INFO: [2025-02-15T14:55:09.830020] AGV 2 ë„ì°© -> (5, 6) (ì ìž¬ ì™„ë£Œ, 10ì´ˆ ëŒ€ê¸°)
[2025-02-15 14:55:12,828] INFO: [2025-02-15T14:55:12.828577] AGV 3 ë„ì°© -> (2, 2)
[2025-02-15 14:55:12,829] INFO: [2025-02-15T14:55:12.829534] AGV 3 ë„ì°© -> (2, 2) (ì ìž¬ ì™„ë£Œ, 10ì´ˆ ëŒ€ê¸°)
[2025-02-15 14:55:15,828] INFO: [2025-02-15T14:55:15.828498] AGV 4 ë„ì°© -> (5, 4)
[2025-02-15 14:55:15,829] INFO: [2025-02-15T14:55:15.829358] AGV 4 ë„ì°© -> (5, 4) (ì ìž¬ ì™„ë£Œ, 10ì´ˆ ëŒ€ê¸°)
[2025-02-15 15:14:07,910] INFO: [SIM] PATH ëª…ë ¹ ì „ì†¡ ì„±ê³µ: {'command': 'PATH', 'data': {'full_path': [[8, 0], [8, 1], [8, 2], [8, 3], [8, 4], [8, 5], [8, 6], [7, 6], [6, 6], [5, 6], [4, 6], [3, 6], [2, 6]]}}
[2025-02-15 15:14:08,910] INFO: AGV 3: ë‹¤ìŒ ì…€ (8, 6) ì ìœ ë¨ - ê²½ë¡œ ìž¬ê³„ì‚°
[2025-02-15 15:14:10,910] INFO: [2025-02-15T15:14:10.910211] AGV 2 ë„ì°© -> (5, 2)
[2025-02-15 15:14:10,911] INFO: [2025-02-15T15:14:10.911478] AGV 2 ë„ì°© -> (5, 2) (ì ìž¬ ì™„ë£Œ, 10ì´ˆ ëŒ€ê¸°)
[2025-02-15 15:14:15,910] INFO: [2025-02-15T15:14:15.910442] AGV 3 ë„ì°© -> (2, 6)
[2025-02-15 15:14:15,911] INFO: [2025-02-15T15:14:15.911164] AGV 3 ë„ì°© -> (2, 6) (ì ìž¬ ì™„ë£Œ, 10ì´ˆ ëŒ€ê¸°)
[2025-02-15 15:14:15,911] INFO: [2025-02-15T15:14:15.911642] AGV 4 ë„ì°© -> (2, 4)
[2025-02-15 15:14:15,912] INFO: [2025-02-15T15:14:15.912195] AGV 4 ë„ì°© -> (2, 4) (ì ìž¬ ì™„ë£Œ, 10ì´ˆ ëŒ€ê¸°)
[2025-02-15 15:14:27,910] INFO: [2025-02-15T15:14:27.910876] AGV 2 ë„ì°© -> (0, 0)
[2025-02-15 15:14:27,912] INFO: [SIM] AGV 2 ì‚¬ì´í´ íš¨ìœ¨: 20.00 / ì „ì²´ í‰ê·  íš¨ìœ¨: 5.00
[2025-02-15 15:14:27,912] INFO: [2025-02-15T15:14:27.912776] AGV 2 ë„ì°© -> (0, 0) (í•˜ì—­ ì™„ë£Œ, 5ì´ˆ ëŒ€ê¸°)
[2025-02-15 15:14:28,911] INFO: [2025-02-15T15:14:28.911458] AGV 3 ë„ì°© -> (0, 5)
[2025-02-15 15:14:28,912] INFO: [SIM] AGV 3 ì‚¬ì´í´ íš¨ìœ¨: 21.00 / ì „ì²´ í‰ê·  íš¨ìœ¨: 10.25
[2025-02-15 15:14:28,913] INFO: [2025-02-15T15:14:28.913218] AGV 3 ë„ì°© -> (0, 5) (í•˜ì—­ ì™„ë£Œ, 5ì´ˆ ëŒ€ê¸°)
[2025-02-15 15:14:29,910] INFO: [2025-02-15T15:14:29.910606] AGV 4 ë„ì°© -> (0, 6)
[2025-02-15 15:14:29,911] INFO: [SIM] AGV 4 ì‚¬ì´í´ íš¨ìœ¨: 22.00 / ì „ì²´ í‰ê·  íš¨ìœ¨: 15.75
[2025-02-15 15:14:29,912] INFO: [2025-02-15T15:14:29.912292] AGV 4 ë„ì°© -> (0, 6) (í•˜ì—­ ì™„ë£Œ, 5ì´ˆ ëŒ€ê¸°)
[2025-02-15 15:19:59,361] INFO: [SIM] PATH ëª…ë ¹ ì „ì†¡ ì„±ê³µ: {'command': 'PATH', 'data': {'full_path': [[8, 0], [8, 1], [8, 2], [7, 2], [6, 2], [5, 2], [4, 2], [3, 2], [2, 2]]}}
[2025-02-15 15:19:59,365] INFO: [31m[1mWARNING: This is a development server. Do not use it in a production deployment. Use a production WSGI server instead.[0m
 * Running on http://127.0.0.1:5000
[2025-02-15 15:19:59,366] INFO: [33mPress CTRL+C to quit[0m
[2025-02-15 15:20:00,361] INFO: AGV 2: ë‹¤ìŒ ì…€ (8, 4) ì ìœ ë¨ - ê²½ë¡œ ìž¬ê³„ì‚°
[2025-02-15 15:20:01,136] INFO: 127.0.0.1 - - [15/Feb/2025 15:20:01] "[33mGET / HTTP/1.1[0m" 404 -
[2025-02-15 15:20:01,361] INFO: AGV 2: ë‹¤ìŒ ì…€ (7, 4) ì ìœ ë¨ - ê²½ë¡œ ìž¬ê³„ì‚°
[2025-02-15 15:20:02,361] INFO: [2025-02-15T15:20:02.361064] AGV 3 ë„ì°© -> (5, 4)
[2025-02-15 15:20:02,361] INFO: [2025-02-15T15:20:02.361585] AGV 3 ë„ì°© -> (5, 4) (ì ìž¬ ì™„ë£Œ, 10ì´ˆ ëŒ€ê¸°)
[2025-02-15 15:20:06,361] INFO: [2025-02-15T15:20:06.361193] AGV 4 ë„ì°© -> (5, 2)
[2025-02-15 15:20:06,361] INFO: [2025-02-15T15:20:06.361607] AGV 4 ë„ì°© -> (5, 2) (ì ìž¬ ì™„ë£Œ, 10ì´ˆ ëŒ€ê¸°)
[2025-02-15 15:20:11,361] INFO: [2025-02-15T15:20:11.361475] AGV 2 ë„ì°© -> (2, 6)
[2025-02-15 15:20:11,362] INFO: [2025-02-15T15:20:11.362686] AGV 2 ë„ì°© -> (2, 6) (ì ìž¬ ì™„ë£Œ, 10ì´ˆ ëŒ€ê¸°)
[2025-02-15 15:20:12,182] INFO: 127.0.0.1 - - [15/Feb/2025 15:20:12] "GET /api/agv-stream HTTP/1.1" 200 -
[2025-02-15 15:20:19,362] INFO: [2025-02-15T15:20:19.361990] AGV 3 ë„ì°© -> (0, 2)
[2025-02-15 15:20:19,363] INFO: [SIM] AGV 3 ì‚¬ì´í´ íš¨ìœ¨: 20.00 / ì „ì²´ í‰ê·  íš¨ìœ¨: 5.00
[2025-02-15 15:20:19,364] INFO: [2025-02-15T15:20:19.363925] AGV 3 ë„ì°© -> (0, 2) (í•˜ì—­ ì™„ë£Œ, 5ì´ˆ ëŒ€ê¸°)
[2025-02-15 15:20:20,278] INFO: 127.0.0.1 - - [15/Feb/2025 15:20:20] "[31m[1mGET /api/agv/stop HTTP/1.1[0m" 405 -
[2025-02-15 15:20:25,361] INFO: [2025-02-15T15:20:25.361547] AGV 2 ë„ì°© -> (0, 4)
[2025-02-15 15:20:25,361] INFO: [SIM] AGV 2 ì‚¬ì´í´ íš¨ìœ¨: 26.00 / ì „ì²´ í‰ê·  íš¨ìœ¨: 11.50
[2025-02-15 15:20:25,362] INFO: [2025-02-15T15:20:25.362224] AGV 2 ë„ì°© -> (0, 4) (í•˜ì—­ ì™„ë£Œ, 5ì´ˆ ëŒ€ê¸°)
