[2025-02-17 14:43:22,220] INFO: [SIM] PATH ëª…ë ¹ ì „ì†¡ ì„±ê³µ: {'command': 'PATH', 'data': {'path': [[7, 0], [6, 0], [5, 0], [4, 0]]}}
[2025-02-17 14:43:22,220] INFO: [SIM] AGV 1 ì„¸ê·¸ë¨¼íŠ¸ 1 ì „ì†¡: [(7, 0), (6, 0), (5, 0), (4, 0)]
[2025-02-17 14:43:22,238] INFO: [31m[1mWARNING: This is a development server. Do not use it in a production deployment. Use a production WSGI server instead.[0m
 * Running on http://127.0.0.1:5000
[2025-02-17 14:43:22,238] INFO: [33mPress CTRL+C to quit[0m
[2025-02-17 14:43:23,447] INFO: 127.0.0.1 - - [17/Feb/2025 14:43:23] "GET /api/agv-stream HTTP/1.1" 200 -
[2025-02-17 14:43:27,229] INFO: [2025-02-17T14:43:27.229785] AGV 3 ë„ì°© -> (8, 6)
[2025-02-17 14:43:27,229] INFO: [2025-02-17T14:43:27.229785] AGV 3 ë„ì°© -> (8, 6) (ì ìž¬ ì™„ë£Œ, 10ì´ˆ ëŒ€ê¸°)
[2025-02-17 14:43:34,429] INFO: [2025-02-17T14:43:34.429935] AGV 2 ë„ì°© -> (9, 12)
[2025-02-17 14:43:34,429] INFO: [2025-02-17T14:43:34.429935] AGV 2 ë„ì°© -> (9, 12) (ì ìž¬ ì™„ë£Œ, 10ì´ˆ ëŒ€ê¸°)
[2025-02-17 14:43:36,230] INFO: [2025-02-17T14:43:36.230051] AGV 4 ë„ì°© -> (3, 12)
[2025-02-17 14:43:36,230] INFO: [2025-02-17T14:43:36.230051] AGV 4 ë„ì°© -> (3, 12) (ì ìž¬ ì™„ë£Œ, 10ì´ˆ ëŒ€ê¸°)
[2025-02-17 14:43:48,214] INFO: [2025-02-17T14:43:48.214963] AGV 3 ë„ì°© -> (0, 9)
[2025-02-17 14:43:48,215] INFO: [SIM] AGV 3 ì´ë²ˆ ì‚¬ì´í´ íš¨ìœ¨: 21.00
[2025-02-17 14:43:48,215] INFO: [SIM] ì „ì²´ ê¸°ë¡ì„ ì‚­ì œ í›„ ìƒˆ íš¨ìœ¨ì„±ë§Œ ë°˜ì˜: 21.00
[2025-02-17 14:43:48,215] INFO: [2025-02-17T14:43:48.215873] AGV 3 ë„ì°© -> (0, 9) (í•˜ì—­ ì™„ë£Œ, 5ì´ˆ ëŒ€ê¸°)
[2025-02-17 14:43:54,231] INFO: [2025-02-17T14:43:54.231694] AGV 4 ë„ì°© -> (0, 7)
[2025-02-17 14:43:54,232] INFO: [SIM] AGV 4 ì´ë²ˆ ì‚¬ì´í´ íš¨ìœ¨: 18.00
[2025-02-17 14:43:54,232] INFO: [SIM] ì „ì²´ ê¸°ë¡ì„ ì‚­ì œ í›„ ìƒˆ íš¨ìœ¨ì„±ë§Œ ë°˜ì˜: 18.00
[2025-02-17 14:43:54,232] INFO: [2025-02-17T14:43:54.232395] AGV 4 ë„ì°© -> (0, 7) (í•˜ì—­ ì™„ë£Œ, 5ì´ˆ ëŒ€ê¸°)
[2025-02-17 14:44:00,431] INFO: [2025-02-17T14:44:00.431820] AGV 2 ë„ì°© -> (0, 5)
[2025-02-17 14:44:00,432] INFO: [SIM] AGV 2 ì´ë²ˆ ì‚¬ì´í´ íš¨ìœ¨: 26.00
[2025-02-17 14:44:00,432] INFO: [SIM] ì „ì²´ ê¸°ë¡ì„ ì‚­ì œ í›„ ìƒˆ íš¨ìœ¨ì„±ë§Œ ë°˜ì˜: 26.00
[2025-02-17 14:44:00,432] INFO: [2025-02-17T14:44:00.432746] AGV 2 ë„ì°© -> (0, 5) (í•˜ì—­ ì™„ë£Œ, 5ì´ˆ ëŒ€ê¸°)
[2025-02-17 14:44:10,215] INFO: [2025-02-17T14:44:10.215286] AGV 4 ë„ì°© -> (8, 6)
[2025-02-17 14:44:10,216] INFO: [2025-02-17T14:44:10.216215] AGV 4 ë„ì°© -> (8, 6) (ì ìž¬ ì™„ë£Œ, 10ì´ˆ ëŒ€ê¸°)
[2025-02-17 14:44:13,430] INFO: [2025-02-17T14:44:13.430878] AGV 3 ë„ì°© -> (5, 4)
[2025-02-17 14:44:13,431] INFO: [2025-02-17T14:44:13.431967] AGV 3 ë„ì°© -> (5, 4) (ì ìž¬ ì™„ë£Œ, 10ì´ˆ ëŒ€ê¸°)
[2025-02-17 14:44:21,432] INFO: [2025-02-17T14:44:21.432147] AGV 2 ë„ì°© -> (9, 12)
[2025-02-17 14:44:21,433] INFO: [2025-02-17T14:44:21.433010] AGV 2 ë„ì°© -> (9, 12) (ì ìž¬ ì™„ë£Œ, 10ì´ˆ ëŒ€ê¸°)
[2025-02-17 14:44:31,231] INFO: [2025-02-17T14:44:31.231373] AGV 4 ë„ì°© -> (0, 3)
[2025-02-17 14:44:31,232] INFO: [SIM] AGV 4 ì´ë²ˆ ì‚¬ì´í´ íš¨ìœ¨: 21.00
[2025-02-17 14:44:31,233] INFO: [SIM] ì „ì²´ ê¸°ë¡ì„ ì‚­ì œ í›„ ìƒˆ íš¨ìœ¨ì„±ë§Œ ë°˜ì˜: 21.00
[2025-02-17 14:44:31,233] INFO: [2025-02-17T14:44:31.233387] AGV 4 ë„ì°© -> (0, 3) (í•˜ì—­ ì™„ë£Œ, 5ì´ˆ ëŒ€ê¸°)
[2025-02-17 14:44:37,216] INFO: [2025-02-17T14:44:37.216827] AGV 3 ë„ì°© -> (0, 11)
[2025-02-17 14:44:37,217] INFO: [SIM] AGV 3 ì´ë²ˆ ì‚¬ì´í´ íš¨ìœ¨: 23.80
[2025-02-17 14:44:37,217] INFO: [SIM] ì „ì²´ ê¸°ë¡ì„ ì‚­ì œ í›„ ìƒˆ íš¨ìœ¨ì„±ë§Œ ë°˜ì˜: 23.80
[2025-02-17 14:44:37,217] INFO: [2025-02-17T14:44:37.217897] AGV 3 ë„ì°© -> (0, 11) (í•˜ì—­ ì™„ë£Œ, 5ì´ˆ ëŒ€ê¸°)
[2025-02-17 14:44:48,416] INFO: [2025-02-17T14:44:48.416014] AGV 2 ë„ì°© -> (0, 4)
[2025-02-17 14:44:48,417] INFO: [SIM] AGV 2 ì´ë²ˆ ì‚¬ì´í´ íš¨ìœ¨: 27.00
[2025-02-17 14:44:48,417] INFO: [SIM] ì „ì²´ ê¸°ë¡ì„ ì‚­ì œ í›„ ìƒˆ íš¨ìœ¨ì„±ë§Œ ë°˜ì˜: 27.00
[2025-02-17 14:44:48,417] INFO: [2025-02-17T14:44:48.417243] AGV 2 ë„ì°© -> (0, 4) (í•˜ì—­ ì™„ë£Œ, 5ì´ˆ ëŒ€ê¸°)
[2025-02-17 14:44:55,215] INFO: [2025-02-17T14:44:55.215129] AGV 3 ë„ì°© -> (8, 6)
[2025-02-17 14:44:55,215] INFO: [2025-02-17T14:44:55.215913] AGV 3 ë„ì°© -> (8, 6) (ì ìž¬ ì™„ë£Œ, 10ì´ˆ ëŒ€ê¸°)
[2025-02-17 14:44:57,418] INFO: [2025-02-17T14:44:57.418386] AGV 4 ë„ì°© -> (9, 12)
[2025-02-17 14:44:57,418] INFO: [2025-02-17T14:44:57.418927] AGV 4 ë„ì°© -> (9, 12) (ì ìž¬ ì™„ë£Œ, 10ì´ˆ ëŒ€ê¸°)
[2025-02-17 14:44:58,432] INFO: [2025-02-17T14:44:58.432705] AGV 2 ë„ì°© -> (5, 4)
[2025-02-17 14:44:58,433] INFO: [2025-02-17T14:44:58.433705] AGV 2 ë„ì°© -> (5, 4) (ì ìž¬ ì™„ë£Œ, 10ì´ˆ ëŒ€ê¸°)
[2025-02-17 14:45:15,216] INFO: [2025-02-17T14:45:15.216500] AGV 3 ë„ì°© -> (0, 4)
[2025-02-17 14:45:15,217] INFO: [SIM] AGV 3 ì´ë²ˆ ì‚¬ì´í´ íš¨ìœ¨: 20.00
[2025-02-17 14:45:15,217] INFO: [SIM] ì „ì²´ ê¸°ë¡ì„ ì‚­ì œ í›„ ìƒˆ íš¨ìœ¨ì„±ë§Œ ë°˜ì˜: 20.00
[2025-02-17 14:45:15,217] INFO: [2025-02-17T14:45:15.217522] AGV 3 ë„ì°© -> (0, 4) (í•˜ì—­ ì™„ë£Œ, 5ì´ˆ ëŒ€ê¸°)
[2025-02-17 14:45:22,416] INFO: [2025-02-17T14:45:22.416660] AGV 2 ë„ì°© -> (0, 11)
[2025-02-17 14:45:22,416] INFO: [SIM] AGV 2 ì´ë²ˆ ì‚¬ì´í´ íš¨ìœ¨: 24.00
[2025-02-17 14:45:22,416] INFO: [SIM] ì „ì²´ ê¸°ë¡ì„ ì‚­ì œ í›„ ìƒˆ íš¨ìœ¨ì„±ë§Œ ë°˜ì˜: 24.00
[2025-02-17 14:45:22,416] INFO: [2025-02-17T14:45:22.416660] AGV 2 ë„ì°© -> (0, 11) (í•˜ì—­ ì™„ë£Œ, 5ì´ˆ ëŒ€ê¸°)
[2025-02-17 14:45:23,421] INFO: [2025-02-17T14:45:23.421412] AGV 4 ë„ì°© -> (0, 6)
[2025-02-17 14:45:23,421] INFO: [SIM] AGV 4 ì´ë²ˆ ì‚¬ì´í´ íš¨ìœ¨: 26.00
[2025-02-17 14:45:23,421] INFO: [SIM] ì „ì²´ ê¸°ë¡ì„ ì‚­ì œ í›„ ìƒˆ íš¨ìœ¨ì„±ë§Œ ë°˜ì˜: 26.00
[2025-02-17 14:45:23,421] INFO: [2025-02-17T14:45:23.421412] AGV 4 ë„ì°© -> (0, 6) (í•˜ì—­ ì™„ë£Œ, 5ì´ˆ ëŒ€ê¸°)
[2025-02-17 14:45:30,215] INFO: [2025-02-17T14:45:30.215705] AGV 3 ë„ì°© -> (8, 6)
[2025-02-17 14:45:30,216] INFO: [2025-02-17T14:45:30.216802] AGV 3 ë„ì°© -> (8, 6) (ì ìž¬ ì™„ë£Œ, 10ì´ˆ ëŒ€ê¸°)
[2025-02-17 14:45:33,416] INFO: [2025-02-17T14:45:33.416458] AGV 2 ë„ì°© -> (3, 12)
[2025-02-17 14:45:33,417] INFO: [2025-02-17T14:45:33.417716] AGV 2 ë„ì°© -> (3, 12) (ì ìž¬ ì™„ë£Œ, 10ì´ˆ ëŒ€ê¸°)
[2025-02-17 14:45:43,418] INFO: [2025-02-17T14:45:43.418078] AGV 4 ë„ì°© -> (9, 12)
[2025-02-17 14:45:43,418] INFO: [2025-02-17T14:45:43.418078] AGV 4 ë„ì°© -> (9, 12) (ì ìž¬ ì™„ë£Œ, 10ì´ˆ ëŒ€ê¸°)
[2025-02-17 14:45:51,215] INFO: [2025-02-17T14:45:51.215943] AGV 3 ë„ì°© -> (0, 3)
[2025-02-17 14:45:51,216] INFO: [SIM] AGV 3 ì´ë²ˆ ì‚¬ì´í´ íš¨ìœ¨: 21.00
[2025-02-17 14:45:51,217] INFO: [SIM] ì „ì²´ ê¸°ë¡ì„ ì‚­ì œ í›„ ìƒˆ íš¨ìœ¨ì„±ë§Œ ë°˜ì˜: 21.00
[2025-02-17 14:45:51,217] INFO: [2025-02-17T14:45:51.217601] AGV 3 ë„ì°© -> (0, 3) (í•˜ì—­ ì™„ë£Œ, 5ì´ˆ ëŒ€ê¸°)
[2025-02-17 14:45:57,416] INFO: [2025-02-17T14:45:57.416132] AGV 2 ë„ì°© -> (0, 1)
[2025-02-17 14:45:57,416] INFO: [SIM] AGV 2 ì´ë²ˆ ì‚¬ì´í´ íš¨ìœ¨: 24.00
[2025-02-17 14:45:57,416] INFO: [SIM] ì „ì²´ ê¸°ë¡ì„ ì‚­ì œ í›„ ìƒˆ íš¨ìœ¨ì„±ë§Œ ë°˜ì˜: 24.00
[2025-02-17 14:45:57,416] INFO: [2025-02-17T14:45:57.416132] AGV 2 ë„ì°© -> (0, 1) (í•˜ì—­ ì™„ë£Œ, 5ì´ˆ ëŒ€ê¸°)
[2025-02-17 14:46:01,224] INFO: [2025-02-17T14:46:01.224199] AGV 3 ë„ì°© -> (3, 3)
[2025-02-17 14:46:01,224] INFO: [2025-02-17T14:46:01.224199] AGV 3 ë„ì°© -> (3, 3) (ì ìž¬ ì™„ë£Œ, 10ì´ˆ ëŒ€ê¸°)
[2025-02-17 14:46:04,436] INFO: [2025-02-17T14:46:04.436074] AGV 4 ë„ì°© -> (0, 10)
[2025-02-17 14:46:04,436] INFO: [SIM] AGV 4 ì´ë²ˆ ì‚¬ì´í´ íš¨ìœ¨: 21.00
[2025-02-17 14:46:04,436] INFO: [SIM] ì „ì²´ ê¸°ë¡ì„ ì‚­ì œ í›„ ìƒˆ íš¨ìœ¨ì„±ë§Œ ë°˜ì˜: 21.00
[2025-02-17 14:46:04,436] INFO: [2025-02-17T14:46:04.436074] AGV 4 ë„ì°© -> (0, 10) (í•˜ì—­ ì™„ë£Œ, 5ì´ˆ ëŒ€ê¸°)
[2025-02-17 14:46:10,425] INFO: [2025-02-17T14:46:10.425002] AGV 2 ë„ì°© -> (5, 4)
[2025-02-17 14:46:10,425] INFO: [2025-02-17T14:46:10.425002] AGV 2 ë„ì°© -> (5, 4) (ì ìž¬ ì™„ë£Œ, 10ì´ˆ ëŒ€ê¸°)
[2025-02-17 14:46:21,432] INFO: [2025-02-17T14:46:21.432234] AGV 4 ë„ì°© -> (8, 6)
[2025-02-17 14:46:21,432] INFO: [2025-02-17T14:46:21.432234] AGV 4 ë„ì°© -> (8, 6) (ì ìž¬ ì™„ë£Œ, 10ì´ˆ ëŒ€ê¸°)
[2025-02-17 14:46:24,242] INFO: [2025-02-17T14:46:24.242743] AGV 3 ë„ì°© -> (0, 13)
[2025-02-17 14:46:24,243] INFO: [SIM] AGV 3 ì´ë²ˆ ì‚¬ì´í´ íš¨ìœ¨: 23.00
[2025-02-17 14:46:24,244] INFO: [SIM] ì „ì²´ ê¸°ë¡ì„ ì‚­ì œ í›„ ìƒˆ íš¨ìœ¨ì„±ë§Œ ë°˜ì˜: 23.00
[2025-02-17 14:46:24,244] INFO: [2025-02-17T14:46:24.244838] AGV 3 ë„ì°© -> (0, 13) (í•˜ì—­ ì™„ë£Œ, 5ì´ˆ ëŒ€ê¸°)
[2025-02-17 14:46:28,432] INFO: [2025-02-17T14:46:28.432516] AGV 2 ë„ì°© -> (0, 7)
[2025-02-17 14:46:28,432] INFO: [SIM] AGV 2 ì´ë²ˆ ì‚¬ì´í´ íš¨ìœ¨: 18.00
[2025-02-17 14:46:28,432] INFO: [SIM] ì „ì²´ ê¸°ë¡ì„ ì‚­ì œ í›„ ìƒˆ íš¨ìœ¨ì„±ë§Œ ë°˜ì˜: 18.00
[2025-02-17 14:46:28,432] INFO: [2025-02-17T14:46:28.432516] AGV 2 ë„ì°© -> (0, 7) (í•˜ì—­ ì™„ë£Œ, 5ì´ˆ ëŒ€ê¸°)
[2025-02-17 14:46:42,418] INFO: [2025-02-17T14:46:42.418202] AGV 3 ë„ì°© -> (3, 3)
[2025-02-17 14:46:42,418] INFO: [2025-02-17T14:46:42.418202] AGV 3 ë„ì°© -> (3, 3) (ì ìž¬ ì™„ë£Œ, 10ì´ˆ ëŒ€ê¸°)
[2025-02-17 14:46:45,434] INFO: [2025-02-17T14:46:45.434591] AGV 4 ë„ì°© -> (0, 0)
[2025-02-17 14:46:45,435] INFO: [SIM] AGV 4 ì´ë²ˆ ì‚¬ì´í´ íš¨ìœ¨: 24.00
[2025-02-17 14:46:45,436] INFO: [SIM] ì „ì²´ ê¸°ë¡ì„ ì‚­ì œ í›„ ìƒˆ íš¨ìœ¨ì„±ë§Œ ë°˜ì˜: 24.00
[2025-02-17 14:46:45,436] INFO: [2025-02-17T14:46:45.436620] AGV 4 ë„ì°© -> (0, 0) (í•˜ì—­ ì™„ë£Œ, 5ì´ˆ ëŒ€ê¸°)
[2025-02-17 14:46:50,434] INFO: [2025-02-17T14:46:50.434432] AGV 2 ë„ì°© -> (8, 6)
[2025-02-17 14:46:50,435] INFO: [2025-02-17T14:46:50.435414] AGV 2 ë„ì°© -> (8, 6) (ì ìž¬ ì™„ë£Œ, 10ì´ˆ ëŒ€ê¸°)
[2025-02-17 14:47:11,427] INFO: [2025-02-17T14:47:11.427666] AGV 2 ë„ì°© -> (0, 9)
[2025-02-17 14:47:11,427] INFO: [SIM] AGV 2 ì´ë²ˆ ì‚¬ì´í´ íš¨ìœ¨: 21.00
[2025-02-17 14:47:11,427] INFO: [SIM] ì „ì²´ ê¸°ë¡ì„ ì‚­ì œ í›„ ìƒˆ íš¨ìœ¨ì„±ë§Œ ë°˜ì˜: 21.00
[2025-02-17 14:47:11,427] INFO: [2025-02-17T14:47:11.427666] AGV 2 ë„ì°© -> (0, 9) (í•˜ì—­ ì™„ë£Œ, 5ì´ˆ ëŒ€ê¸°)
[2025-02-17 14:47:27,423] INFO: [2025-02-17T14:47:27.423875] AGV 2 ë„ì°© -> (8, 6)
[2025-02-17 14:47:27,423] INFO: [2025-02-17T14:47:27.423875] AGV 2 ë„ì°© -> (8, 6) (ì ìž¬ ì™„ë£Œ, 10ì´ˆ ëŒ€ê¸°)
[2025-02-17 14:47:47,431] INFO: [2025-02-17T14:47:47.431495] AGV 2 ë„ì°© -> (0, 8)
[2025-02-17 14:47:47,433] INFO: [SIM] AGV 2 ì´ë²ˆ ì‚¬ì´í´ íš¨ìœ¨: 20.00
[2025-02-17 14:47:47,433] INFO: [SIM] ì „ì²´ ê¸°ë¡ì„ ì‚­ì œ í›„ ìƒˆ íš¨ìœ¨ì„±ë§Œ ë°˜ì˜: 20.00
[2025-02-17 14:47:47,434] INFO: [2025-02-17T14:47:47.433218] AGV 2 ë„ì°© -> (0, 8) (í•˜ì—­ ì™„ë£Œ, 5ì´ˆ ëŒ€ê¸°)
[2025-02-17 14:47:59,435] INFO: [2025-02-17T14:47:59.435256] AGV 2 ë„ì°© -> (3, 12)
[2025-02-17 14:47:59,435] INFO: [2025-02-17T14:47:59.435256] AGV 2 ë„ì°© -> (3, 12) (ì ìž¬ ì™„ë£Œ, 10ì´ˆ ëŒ€ê¸°)
[2025-02-17 14:48:22,434] INFO: [2025-02-17T14:48:22.434010] AGV 2 ë„ì°© -> (0, 2)
[2025-02-17 14:48:22,434] INFO: [SIM] AGV 2 ì´ë²ˆ ì‚¬ì´í´ íš¨ìœ¨: 23.00
[2025-02-17 14:48:22,434] INFO: [SIM] ì „ì²´ ê¸°ë¡ì„ ì‚­ì œ í›„ ìƒˆ íš¨ìœ¨ì„±ë§Œ ë°˜ì˜: 23.00
[2025-02-17 14:48:22,434] INFO: [2025-02-17T14:48:22.434010] AGV 2 ë„ì°© -> (0, 2) (í•˜ì—­ ì™„ë£Œ, 5ì´ˆ ëŒ€ê¸°)
[2025-02-17 14:49:39,137] INFO: [SIM] PATH ëª…ë ¹ ì „ì†¡ ì„±ê³µ: {'command': 'PATH', 'data': {'path': [[7, 0], [6, 0], [5, 0], [4, 0]]}}
[2025-02-17 14:49:39,137] INFO: [SIM] AGV 1 ì„¸ê·¸ë¨¼íŠ¸ 1 ì „ì†¡: [(7, 0), (6, 0), (5, 0), (4, 0)]
[2025-02-17 14:49:39,137] INFO: [31m[1mWARNING: This is a development server. Do not use it in a production deployment. Use a production WSGI server instead.[0m
 * Running on http://127.0.0.1:5000
[2025-02-17 14:49:39,137] INFO: [33mPress CTRL+C to quit[0m
[2025-02-17 14:49:40,258] INFO: 127.0.0.1 - - [17/Feb/2025 14:49:40] "GET /api/agv-stream HTTP/1.1" 200 -
[2025-02-17 14:49:41,090] INFO: 127.0.0.1 - - [17/Feb/2025 14:49:41] "GET /api/agv-stream HTTP/1.1" 200 -
[2025-02-17 14:49:47,155] INFO: [2025-02-17T14:49:47.155297] AGV 4 ë„ì°© -> (5, 4)
[2025-02-17 14:49:47,156] INFO: [2025-02-17T14:49:47.156315] AGV 4 ë„ì°© -> (5, 4) (ì ìž¬ ì™„ë£Œ, 10ì´ˆ ëŒ€ê¸°)
[2025-02-17 14:49:48,154] INFO: [2025-02-17T14:49:48.154562] AGV 2 ë„ì°© -> (3, 3)
[2025-02-17 14:49:48,155] INFO: [2025-02-17T14:49:48.155799] AGV 2 ë„ì°© -> (3, 3) (ì ìž¬ ì™„ë£Œ, 10ì´ˆ ëŒ€ê¸°)
[2025-02-17 14:49:55,139] INFO: [2025-02-17T14:49:55.139015] AGV 3 ë„ì°© -> (3, 12)
[2025-02-17 14:49:55,140] INFO: [2025-02-17T14:49:55.140218] AGV 3 ë„ì°© -> (3, 12) (ì ìž¬ ì™„ë£Œ, 10ì´ˆ ëŒ€ê¸°)
[2025-02-17 14:50:02,354] INFO: AGV 4: ì…€ (1, 6) ì˜ˆì•½ ì‹œë„ ì‹¤íŒ¨(1íšŒ), ê²½ë¡œ ìž¬ê³„ì‚°
[2025-02-17 14:50:02,355] INFO: AGV 4: ê²½ë¡œ ìž¬ê³„ì‚°ì„ ìœ„í•´ ëŒ€ê¸° ((2, 6))
[2025-02-17 14:50:03,238] INFO: AGV 4: ì…€ (1, 6) ì˜ˆì•½ ì‹œë„ ì‹¤íŒ¨(1íšŒ), ê²½ë¡œ ìž¬ê³„ì‚°
[2025-02-17 14:50:03,238] INFO: AGV 4: ê²½ë¡œ ìž¬ê³„ì‚°ì„ ìœ„í•´ ëŒ€ê¸° ((2, 6))
[2025-02-17 14:50:10,738] INFO: [2025-02-17T14:50:10.738328] AGV 4 ë„ì°© -> (0, 7)
[2025-02-17 14:50:10,739] INFO: [SIM] AGV 4 ì´ë²ˆ ì‚¬ì´í´ íš¨ìœ¨: 23.59
[2025-02-17 14:50:10,740] INFO: [SIM] ì „ì²´ ê¸°ë¡ì„ ì‚­ì œ í›„ ìƒˆ íš¨ìœ¨ì„±ë§Œ ë°˜ì˜: 23.59
[2025-02-17 14:50:10,740] INFO: [2025-02-17T14:50:10.740081] AGV 4 ë„ì°© -> (0, 7) (í•˜ì—­ ì™„ë£Œ, 5ì´ˆ ëŒ€ê¸°)
[2025-02-17 14:50:12,155] INFO: [2025-02-17T14:50:12.155362] AGV 3 ë„ì°© -> (0, 8)
[2025-02-17 14:50:12,156] INFO: [SIM] AGV 3 ì´ë²ˆ ì‚¬ì´í´ íš¨ìœ¨: 17.00
[2025-02-17 14:50:12,156] INFO: [SIM] ì „ì²´ ê¸°ë¡ì„ ì‚­ì œ í›„ ìƒˆ íš¨ìœ¨ì„±ë§Œ ë°˜ì˜: 17.00
[2025-02-17 14:50:12,156] INFO: [2025-02-17T14:50:12.156758] AGV 3 ë„ì°© -> (0, 8) (í•˜ì—­ ì™„ë£Œ, 5ì´ˆ ëŒ€ê¸°)
[2025-02-17 14:50:12,156] INFO: [2025-02-17T14:50:12.156758] AGV 2 ë„ì°© -> (0, 14)
[2025-02-17 14:50:12,156] INFO: [SIM] AGV 2 ì´ë²ˆ ì‚¬ì´í´ íš¨ìœ¨: 24.00
[2025-02-17 14:50:12,156] INFO: [SIM] ì „ì²´ ê¸°ë¡ì„ ì‚­ì œ í›„ ìƒˆ íš¨ìœ¨ì„±ë§Œ ë°˜ì˜: 24.00
[2025-02-17 14:50:12,156] INFO: [2025-02-17T14:50:12.156758] AGV 2 ë„ì°© -> (0, 14) (í•˜ì—­ ì™„ë£Œ, 5ì´ˆ ëŒ€ê¸°)
[2025-02-17 14:50:19,371] INFO: AGV 3: ì…€ (1, 10) ì˜ˆì•½ ì‹œë„ ì‹¤íŒ¨(1íšŒ), ê²½ë¡œ ìž¬ê³„ì‚°
[2025-02-17 14:50:19,372] INFO: AGV 3: ê²½ë¡œ ìž¬ê³„ì‚°ì„ ìœ„í•´ ëŒ€ê¸° ((0, 10))
[2025-02-17 14:50:20,840] INFO: AGV 2: ì…€ (0, 10) ì˜ˆì•½ ì‹œë„ ì‹¤íŒ¨(1íšŒ), ê²½ë¡œ ìž¬ê³„ì‚°
[2025-02-17 14:50:20,840] INFO: AGV 2: ê²½ë¡œ ìž¬ê³„ì‚°ì„ ìœ„í•´ ëŒ€ê¸° ((0, 11))
[2025-02-17 14:50:23,755] INFO: [2025-02-17T14:50:23.755587] AGV 4 ë„ì°© -> (3, 12)
[2025-02-17 14:50:23,756] INFO: [2025-02-17T14:50:23.756987] AGV 4 ë„ì°© -> (3, 12) (ì ìž¬ ì™„ë£Œ, 10ì´ˆ ëŒ€ê¸°)
[2025-02-17 14:50:32,337] INFO: [2025-02-17T14:50:32.337196] AGV 2 ë„ì°© -> (3, 3)
[2025-02-17 14:50:32,338] INFO: [2025-02-17T14:50:32.338190] AGV 2 ë„ì°© -> (3, 3) (ì ìž¬ ì™„ë£Œ, 10ì´ˆ ëŒ€ê¸°)
[2025-02-17 14:50:32,856] INFO: [2025-02-17T14:50:32.856596] AGV 3 ë„ì°© -> (9, 12)
[2025-02-17 14:50:32,857] INFO: [2025-02-17T14:50:32.857590] AGV 3 ë„ì°© -> (9, 12) (ì ìž¬ ì™„ë£Œ, 10ì´ˆ ëŒ€ê¸°)
[2025-02-17 14:50:39,735] INFO: [2025-02-17T14:50:39.735769] AGV 4 ë„ì°© -> (0, 9)
[2025-02-17 14:50:39,735] INFO: [SIM] AGV 4 ì´ë²ˆ ì‚¬ì´í´ íš¨ìœ¨: 16.00
[2025-02-17 14:50:39,736] INFO: [SIM] ì „ì²´ ê¸°ë¡ì„ ì‚­ì œ í›„ ìƒˆ íš¨ìœ¨ì„±ë§Œ ë°˜ì˜: 16.00
[2025-02-17 14:50:39,737] INFO: [2025-02-17T14:50:39.737149] AGV 4 ë„ì°© -> (0, 9) (í•˜ì—­ ì™„ë£Œ, 5ì´ˆ ëŒ€ê¸°)
[2025-02-17 14:50:48,038] INFO: AGV 4: ì…€ (1, 6) ì˜ˆì•½ ì‹œë„ ì‹¤íŒ¨(1íšŒ), ê²½ë¡œ ìž¬ê³„ì‚°
[2025-02-17 14:50:48,039] INFO: AGV 4: ê²½ë¡œ ìž¬ê³„ì‚°ì„ ìœ„í•´ ëŒ€ê¸° ((0, 6))
[2025-02-17 14:50:52,336] INFO: [2025-02-17T14:50:52.336796] AGV 2 ë„ì°© -> (0, 10)
[2025-02-17 14:50:52,336] INFO: [SIM] AGV 2 ì´ë²ˆ ì‚¬ì´í´ íš¨ìœ¨: 20.00
[2025-02-17 14:50:52,337] INFO: [SIM] ì „ì²´ ê¸°ë¡ì„ ì‚­ì œ í›„ ìƒˆ íš¨ìœ¨ì„±ë§Œ ë°˜ì˜: 20.00
[2025-02-17 14:50:52,338] INFO: [2025-02-17T14:50:52.338297] AGV 2 ë„ì°© -> (0, 10) (í•˜ì—­ ì™„ë£Œ, 5ì´ˆ ëŒ€ê¸°)
[2025-02-17 14:50:52,338] INFO: AGV 3: ì…€ (1, 10) ì˜ˆì•½ ì‹œë„ ì‹¤íŒ¨(1íšŒ), ê²½ë¡œ ìž¬ê³„ì‚°
[2025-02-17 14:50:52,338] INFO: AGV 3: ê²½ë¡œ ìž¬ê³„ì‚°ì„ ìœ„í•´ ëŒ€ê¸° ((2, 10))
[2025-02-17 14:50:54,537] INFO: [2025-02-17T14:50:54.537567] AGV 4 ë„ì°© -> (3, 3)
[2025-02-17 14:50:54,538] INFO: [2025-02-17T14:50:54.538588] AGV 4 ë„ì°© -> (3, 3) (ì ìž¬ ì™„ë£Œ, 10ì´ˆ ëŒ€ê¸°)
[2025-02-17 14:50:56,856] INFO: [2025-02-17T14:50:56.856297] AGV 3 ë„ì°© -> (0, 12)
[2025-02-17 14:50:56,857] INFO: [SIM] AGV 3 ì´ë²ˆ ì‚¬ì´í´ íš¨ìœ¨: 23.98
[2025-02-17 14:50:56,857] INFO: [SIM] ì „ì²´ ê¸°ë¡ì„ ì‚­ì œ í›„ ìƒˆ íš¨ìœ¨ì„±ë§Œ ë°˜ì˜: 23.98
[2025-02-17 14:50:56,858] INFO: [2025-02-17T14:50:56.858291] AGV 3 ë„ì°© -> (0, 12) (í•˜ì—­ ì™„ë£Œ, 5ì´ˆ ëŒ€ê¸°)
[2025-02-17 14:51:08,855] INFO: [2025-02-17T14:51:08.855496] AGV 3 ë„ì°© -> (3, 12)
[2025-02-17 14:51:08,855] INFO: [2025-02-17T14:51:08.855496] AGV 3 ë„ì°© -> (3, 12) (ì ìž¬ ì™„ë£Œ, 10ì´ˆ ëŒ€ê¸°)
[2025-02-17 14:51:09,337] INFO: [2025-02-17T14:51:09.337607] AGV 2 ë„ì°© -> (8, 6)
[2025-02-17 14:51:09,338] INFO: [2025-02-17T14:51:09.338633] AGV 2 ë„ì°© -> (8, 6) (ì ìž¬ ì™„ë£Œ, 10ì´ˆ ëŒ€ê¸°)
[2025-02-17 14:51:10,537] INFO: [2025-02-17T14:51:10.537578] AGV 4 ë„ì°© -> (0, 6)
[2025-02-17 14:51:10,538] INFO: [SIM] AGV 4 ì´ë²ˆ ì‚¬ì´í´ íš¨ìœ¨: 16.00
[2025-02-17 14:51:10,539] INFO: [SIM] ì „ì²´ ê¸°ë¡ì„ ì‚­ì œ í›„ ìƒˆ íš¨ìœ¨ì„±ë§Œ ë°˜ì˜: 16.00
[2025-02-17 14:51:10,540] INFO: [2025-02-17T14:51:10.540172] AGV 4 ë„ì°© -> (0, 6) (í•˜ì—­ ì™„ë£Œ, 5ì´ˆ ëŒ€ê¸°)
[2025-02-17 14:51:21,540] INFO: [2025-02-17T14:51:21.540592] AGV 4 ë„ì°© -> (3, 3)
[2025-02-17 14:51:21,540] INFO: [2025-02-17T14:51:21.540592] AGV 4 ë„ì°© -> (3, 3) (ì ìž¬ ì™„ë£Œ, 10ì´ˆ ëŒ€ê¸°)
[2025-02-17 14:51:26,841] INFO: [2025-02-17T14:51:26.841339] AGV 3 ë„ì°© -> (0, 13)
[2025-02-17 14:51:26,841] INFO: [SIM] AGV 3 ì´ë²ˆ ì‚¬ì´í´ íš¨ìœ¨: 18.00
[2025-02-17 14:51:26,841] INFO: [SIM] ì „ì²´ ê¸°ë¡ì„ ì‚­ì œ í›„ ìƒˆ íš¨ìœ¨ì„±ë§Œ ë°˜ì˜: 18.00
[2025-02-17 14:51:26,841] INFO: [2025-02-17T14:51:26.841339] AGV 3 ë„ì°© -> (0, 13) (í•˜ì—­ ì™„ë£Œ, 5ì´ˆ ëŒ€ê¸°)
[2025-02-17 14:51:31,338] INFO: [2025-02-17T14:51:31.338851] AGV 2 ë„ì°© -> (0, 10)
[2025-02-17 14:51:31,340] INFO: [SIM] AGV 2 ì´ë²ˆ ì‚¬ì´í´ íš¨ìœ¨: 22.00
[2025-02-17 14:51:31,340] INFO: [SIM] ì „ì²´ ê¸°ë¡ì„ ì‚­ì œ í›„ ìƒˆ íš¨ìœ¨ì„±ë§Œ ë°˜ì˜: 22.00
[2025-02-17 14:51:31,340] INFO: [2025-02-17T14:51:31.340078] AGV 2 ë„ì°© -> (0, 10) (í•˜ì—­ ì™„ë£Œ, 5ì´ˆ ëŒ€ê¸°)
